<?xml version="1.0" encoding="UTF-8"?>
<testsuite name="ru.stqa.pft.rest.tests.RestAssuredTests" tests="1" skipped="1" failures="0" errors="0" timestamp="2022-08-26T17:32:24" hostname="DESKTOP-FSN35P3" time="14.713">
  <properties/>
  <testcase name="testCreateIssue" classname="ru.stqa.pft.rest.tests.RestAssuredTests" time="14.713">
    <skipped/>
  </testcase>
  <system-out><![CDATA[]]></system-out>
  <system-err><![CDATA[]]></system-err>
</testsuite>
