<?xml version="1.0" encoding="UTF-8"?>
<testsuite name="ru.stqa.pft.addressbook.tests.GroupCreationTests" tests="3" skipped="0" failures="0" errors="0" timestamp="2022-08-13T14:58:10" hostname="DESKTOP-FSN35P3" time="3.62">
  <properties/>
  <testcase name="testGroupCreation[0](test1, header 1, footer 1)" classname="ru.stqa.pft.addressbook.tests.GroupCreationTests" time="1.431"/>
  <testcase name="testGroupCreation[1](test2, header 2, footer 2)" classname="ru.stqa.pft.addressbook.tests.GroupCreationTests" time="1.144"/>
  <testcase name="testGroupCreation[2](test3, header 3, footer 3)" classname="ru.stqa.pft.addressbook.tests.GroupCreationTests" time="1.042"/>
  <system-out><![CDATA[]]></system-out>
  <system-err><![CDATA[]]></system-err>
</testsuite>
